{"/Users/thallesncarvalho/dev/mern-todo-app-r/client/src/components/Atoms/Button/Button.style.ts": {"path":"/Users/thallesncarvalho/dev/mern-todo-app-r/client/src/components/Atoms/Button/Button.style.ts","statementMap":{"0":{"start":{"line":5,"column":24},"end":{"line":7,"column":1}},"1":{"start":{"line":6,"column":33},"end":{"line":6,"column":67}},"2":{"start":{"line":9,"column":21},"end":{"line":26,"column":1}},"3":{"start":{"line":11,"column":24},"end":{"line":11,"column":59}},"4":{"start":{"line":12,"column":35},"end":{"line":12,"column":67}},"5":{"start":{"line":15,"column":24},"end":{"line":15,"column":59}},"6":{"start":{"line":16,"column":35},"end":{"line":16,"column":69}},"7":{"start":{"line":19,"column":24},"end":{"line":19,"column":59}},"8":{"start":{"line":20,"column":35},"end":{"line":20,"column":68}},"9":{"start":{"line":23,"column":24},"end":{"line":23,"column":59}},"10":{"start":{"line":24,"column":35},"end":{"line":24,"column":69}},"11":{"start":{"line":28,"column":20},"end":{"line":53,"column":1}},"12":{"start":{"line":30,"column":28},"end":{"line":30,"column":68}},"13":{"start":{"line":31,"column":26},"end":{"line":31,"column":49}},"14":{"start":{"line":34,"column":32},"end":{"line":34,"column":76}},"15":{"start":{"line":38,"column":28},"end":{"line":38,"column":68}},"16":{"start":{"line":39,"column":26},"end":{"line":39,"column":51}},"17":{"start":{"line":42,"column":32},"end":{"line":42,"column":76}},"18":{"start":{"line":46,"column":28},"end":{"line":46,"column":68}},"19":{"start":{"line":47,"column":26},"end":{"line":47,"column":49}},"20":{"start":{"line":50,"column":32},"end":{"line":50,"column":76}},"21":{"start":{"line":61,"column":22},"end":{"line":75,"column":1}},"22":{"start":{"line":64,"column":30},"end":{"line":64,"column":81}},"23":{"start":{"line":69,"column":28},"end":{"line":69,"column":70}},"24":{"start":{"line":70,"column":22},"end":{"line":70,"column":49}},"25":{"start":{"line":72,"column":15},"end":{"line":72,"column":52}},"26":{"start":{"line":73,"column":15},"end":{"line":73,"column":40}},"27":{"start":{"line":74,"column":15},"end":{"line":74,"column":48}},"28":{"start":{"line":77,"column":20},"end":{"line":77,"column":32}}},"fnMap":{"0":{"name":"(anonymous_0)","decl":{"start":{"line":6,"column":22},"end":{"line":6,"column":23}},"loc":{"start":{"line":6,"column":33},"end":{"line":6,"column":67}},"line":6},"1":{"name":"(anonymous_1)","decl":{"start":{"line":11,"column":13},"end":{"line":11,"column":14}},"loc":{"start":{"line":11,"column":24},"end":{"line":11,"column":59}},"line":11},"2":{"name":"(anonymous_2)","decl":{"start":{"line":12,"column":24},"end":{"line":12,"column":25}},"loc":{"start":{"line":12,"column":35},"end":{"line":12,"column":67}},"line":12},"3":{"name":"(anonymous_3)","decl":{"start":{"line":15,"column":13},"end":{"line":15,"column":14}},"loc":{"start":{"line":15,"column":24},"end":{"line":15,"column":59}},"line":15},"4":{"name":"(anonymous_4)","decl":{"start":{"line":16,"column":24},"end":{"line":16,"column":25}},"loc":{"start":{"line":16,"column":35},"end":{"line":16,"column":69}},"line":16},"5":{"name":"(anonymous_5)","decl":{"start":{"line":19,"column":13},"end":{"line":19,"column":14}},"loc":{"start":{"line":19,"column":24},"end":{"line":19,"column":59}},"line":19},"6":{"name":"(anonymous_6)","decl":{"start":{"line":20,"column":24},"end":{"line":20,"column":25}},"loc":{"start":{"line":20,"column":35},"end":{"line":20,"column":68}},"line":20},"7":{"name":"(anonymous_7)","decl":{"start":{"line":23,"column":13},"end":{"line":23,"column":14}},"loc":{"start":{"line":23,"column":24},"end":{"line":23,"column":59}},"line":23},"8":{"name":"(anonymous_8)","decl":{"start":{"line":24,"column":24},"end":{"line":24,"column":25}},"loc":{"start":{"line":24,"column":35},"end":{"line":24,"column":69}},"line":24},"9":{"name":"(anonymous_9)","decl":{"start":{"line":30,"column":17},"end":{"line":30,"column":18}},"loc":{"start":{"line":30,"column":28},"end":{"line":30,"column":68}},"line":30},"10":{"name":"(anonymous_10)","decl":{"start":{"line":31,"column":15},"end":{"line":31,"column":16}},"loc":{"start":{"line":31,"column":26},"end":{"line":31,"column":49}},"line":31},"11":{"name":"(anonymous_11)","decl":{"start":{"line":34,"column":21},"end":{"line":34,"column":22}},"loc":{"start":{"line":34,"column":32},"end":{"line":34,"column":76}},"line":34},"12":{"name":"(anonymous_12)","decl":{"start":{"line":38,"column":17},"end":{"line":38,"column":18}},"loc":{"start":{"line":38,"column":28},"end":{"line":38,"column":68}},"line":38},"13":{"name":"(anonymous_13)","decl":{"start":{"line":39,"column":15},"end":{"line":39,"column":16}},"loc":{"start":{"line":39,"column":26},"end":{"line":39,"column":51}},"line":39},"14":{"name":"(anonymous_14)","decl":{"start":{"line":42,"column":21},"end":{"line":42,"column":22}},"loc":{"start":{"line":42,"column":32},"end":{"line":42,"column":76}},"line":42},"15":{"name":"(anonymous_15)","decl":{"start":{"line":46,"column":17},"end":{"line":46,"column":18}},"loc":{"start":{"line":46,"column":28},"end":{"line":46,"column":68}},"line":46},"16":{"name":"(anonymous_16)","decl":{"start":{"line":47,"column":15},"end":{"line":47,"column":16}},"loc":{"start":{"line":47,"column":26},"end":{"line":47,"column":49}},"line":47},"17":{"name":"(anonymous_17)","decl":{"start":{"line":50,"column":21},"end":{"line":50,"column":22}},"loc":{"start":{"line":50,"column":32},"end":{"line":50,"column":76}},"line":50},"18":{"name":"(anonymous_18)","decl":{"start":{"line":64,"column":19},"end":{"line":64,"column":20}},"loc":{"start":{"line":64,"column":30},"end":{"line":64,"column":81}},"line":64},"19":{"name":"(anonymous_19)","decl":{"start":{"line":69,"column":17},"end":{"line":69,"column":18}},"loc":{"start":{"line":69,"column":28},"end":{"line":69,"column":70}},"line":69},"20":{"name":"(anonymous_20)","decl":{"start":{"line":70,"column":11},"end":{"line":70,"column":12}},"loc":{"start":{"line":70,"column":22},"end":{"line":70,"column":49}},"line":70},"21":{"name":"(anonymous_21)","decl":{"start":{"line":72,"column":4},"end":{"line":72,"column":5}},"loc":{"start":{"line":72,"column":15},"end":{"line":72,"column":52}},"line":72},"22":{"name":"(anonymous_22)","decl":{"start":{"line":73,"column":4},"end":{"line":73,"column":5}},"loc":{"start":{"line":73,"column":15},"end":{"line":73,"column":40}},"line":73},"23":{"name":"(anonymous_23)","decl":{"start":{"line":74,"column":4},"end":{"line":74,"column":5}},"loc":{"start":{"line":74,"column":15},"end":{"line":74,"column":48}},"line":74}},"branchMap":{"0":{"loc":{"start":{"line":34,"column":32},"end":{"line":34,"column":76}},"type":"binary-expr","locations":[{"start":{"line":34,"column":32},"end":{"line":34,"column":49}},{"start":{"line":34,"column":53},"end":{"line":34,"column":76}}],"line":34},"1":{"loc":{"start":{"line":42,"column":32},"end":{"line":42,"column":76}},"type":"binary-expr","locations":[{"start":{"line":42,"column":32},"end":{"line":42,"column":49}},{"start":{"line":42,"column":53},"end":{"line":42,"column":76}}],"line":42},"2":{"loc":{"start":{"line":50,"column":32},"end":{"line":50,"column":76}},"type":"binary-expr","locations":[{"start":{"line":50,"column":32},"end":{"line":50,"column":49}},{"start":{"line":50,"column":53},"end":{"line":50,"column":76}}],"line":50},"3":{"loc":{"start":{"line":64,"column":30},"end":{"line":64,"column":81}},"type":"cond-expr","locations":[{"start":{"line":64,"column":48},"end":{"line":64,"column":55}},{"start":{"line":64,"column":58},"end":{"line":64,"column":81}}],"line":64},"4":{"loc":{"start":{"line":70,"column":22},"end":{"line":70,"column":49}},"type":"binary-expr","locations":[{"start":{"line":70,"column":22},"end":{"line":70,"column":39}},{"start":{"line":70,"column":43},"end":{"line":70,"column":49}}],"line":70},"5":{"loc":{"start":{"line":72,"column":15},"end":{"line":72,"column":52}},"type":"binary-expr","locations":[{"start":{"line":72,"column":15},"end":{"line":72,"column":25}},{"start":{"line":72,"column":29},"end":{"line":72,"column":52}}],"line":72},"6":{"loc":{"start":{"line":74,"column":15},"end":{"line":74,"column":48}},"type":"binary-expr","locations":[{"start":{"line":74,"column":15},"end":{"line":74,"column":29}},{"start":{"line":74,"column":33},"end":{"line":74,"column":48}}],"line":74}},"s":{"0":2,"1":0,"2":2,"3":5,"4":5,"5":1,"6":1,"7":0,"8":0,"9":0,"10":0,"11":2,"12":0,"13":0,"14":0,"15":6,"16":6,"17":6,"18":0,"19":0,"20":0,"21":2,"22":6,"23":6,"24":6,"25":6,"26":6,"27":6,"28":2},"f":{"0":0,"1":5,"2":5,"3":1,"4":1,"5":0,"6":0,"7":0,"8":0,"9":0,"10":0,"11":0,"12":6,"13":6,"14":6,"15":0,"16":0,"17":0,"18":6,"19":6,"20":6,"21":6,"22":6,"23":6},"b":{"0":[0,0],"1":[6,6],"2":[0,0],"3":[0,6],"4":[6,0],"5":[6,6],"6":[6,0]},"_coverageSchema":"1a1c01bbd47fc00a2c39e90264f33305004495a9","hash":"2b7c42080339bb2b13e013353d963cfd8e5b6307"}
,"/Users/thallesncarvalho/dev/mern-todo-app-r/client/src/components/Atoms/Button/index.tsx": {"path":"/Users/thallesncarvalho/dev/mern-todo-app-r/client/src/components/Atoms/Button/index.tsx","statementMap":{"0":{"start":{"line":17,"column":20},"end":{"line":21,"column":1}},"1":{"start":{"line":23,"column":15},"end":{"line":58,"column":1}},"2":{"start":{"line":34,"column":15},"end":{"line":34,"column":19}},"3":{"start":{"line":36,"column":2},"end":{"line":57,"column":3}}},"fnMap":{"0":{"name":"(anonymous_0)","decl":{"start":{"line":23,"column":15},"end":{"line":23,"column":16}},"loc":{"start":{"line":33,"column":19},"end":{"line":58,"column":1}},"line":33}},"branchMap":{"0":{"loc":{"start":{"line":25,"column":2},"end":{"line":25,"column":19}},"type":"default-arg","locations":[{"start":{"line":25,"column":10},"end":{"line":25,"column":19}}],"line":25},"1":{"loc":{"start":{"line":26,"column":2},"end":{"line":26,"column":18}},"type":"default-arg","locations":[{"start":{"line":26,"column":13},"end":{"line":26,"column":18}}],"line":26},"2":{"loc":{"start":{"line":29,"column":2},"end":{"line":29,"column":17}},"type":"default-arg","locations":[{"start":{"line":29,"column":12},"end":{"line":29,"column":17}}],"line":29},"3":{"loc":{"start":{"line":30,"column":2},"end":{"line":30,"column":13}},"type":"default-arg","locations":[{"start":{"line":30,"column":9},"end":{"line":30,"column":13}}],"line":30},"4":{"loc":{"start":{"line":31,"column":2},"end":{"line":31,"column":17}},"type":"default-arg","locations":[{"start":{"line":31,"column":9},"end":{"line":31,"column":17}}],"line":31},"5":{"loc":{"start":{"line":32,"column":2},"end":{"line":32,"column":19}},"type":"default-arg","locations":[{"start":{"line":32,"column":14},"end":{"line":32,"column":19}}],"line":32},"6":{"loc":{"start":{"line":50,"column":9},"end":{"line":54,"column":9}},"type":"binary-expr","locations":[{"start":{"line":50,"column":9},"end":{"line":50,"column":15}},{"start":{"line":51,"column":10},"end":{"line":53,"column":20}}],"line":50},"7":{"loc":{"start":{"line":52,"column":13},"end":{"line":52,"column":102}},"type":"binary-expr","locations":[{"start":{"line":52,"column":13},"end":{"line":52,"column":37}},{"start":{"line":52,"column":41},"end":{"line":52,"column":102}}],"line":52}},"s":{"0":2,"1":2,"2":6,"3":6},"f":{"0":6},"b":{"0":[3],"1":[4],"2":[6],"3":[6],"4":[4],"5":[6],"6":[6,1],"7":[1,1]},"_coverageSchema":"1a1c01bbd47fc00a2c39e90264f33305004495a9","hash":"efc1c6b29fe6eb24bb91b419c87f2c5daefda84f"}
,"/Users/thallesncarvalho/dev/mern-todo-app-r/client/src/components/Atoms/Card/Card.style.ts": {"path":"/Users/thallesncarvalho/dev/mern-todo-app-r/client/src/components/Atoms/Card/Card.style.ts","statementMap":{"0":{"start":{"line":9,"column":19},"end":{"line":16,"column":1}},"1":{"start":{"line":11,"column":30},"end":{"line":11,"column":55}},"2":{"start":{"line":11,"column":70},"end":{"line":11,"column":93}},"3":{"start":{"line":14,"column":26},"end":{"line":14,"column":49}},"4":{"start":{"line":14,"column":64},"end":{"line":14,"column":89}},"5":{"start":{"line":18,"column":20},"end":{"line":25,"column":1}},"6":{"start":{"line":19,"column":35},"end":{"line":19,"column":109}},"7":{"start":{"line":20,"column":32},"end":{"line":20,"column":55}},"8":{"start":{"line":21,"column":25},"end":{"line":21,"column":50}},"9":{"start":{"line":24,"column":17},"end":{"line":24,"column":39}}},"fnMap":{"0":{"name":"(anonymous_0)","decl":{"start":{"line":11,"column":19},"end":{"line":11,"column":20}},"loc":{"start":{"line":11,"column":30},"end":{"line":11,"column":55}},"line":11},"1":{"name":"(anonymous_1)","decl":{"start":{"line":11,"column":59},"end":{"line":11,"column":60}},"loc":{"start":{"line":11,"column":70},"end":{"line":11,"column":93}},"line":11},"2":{"name":"(anonymous_2)","decl":{"start":{"line":14,"column":15},"end":{"line":14,"column":16}},"loc":{"start":{"line":14,"column":26},"end":{"line":14,"column":49}},"line":14},"3":{"name":"(anonymous_3)","decl":{"start":{"line":14,"column":53},"end":{"line":14,"column":54}},"loc":{"start":{"line":14,"column":64},"end":{"line":14,"column":89}},"line":14},"4":{"name":"(anonymous_4)","decl":{"start":{"line":19,"column":24},"end":{"line":19,"column":25}},"loc":{"start":{"line":19,"column":35},"end":{"line":19,"column":109}},"line":19},"5":{"name":"(anonymous_5)","decl":{"start":{"line":20,"column":21},"end":{"line":20,"column":22}},"loc":{"start":{"line":20,"column":32},"end":{"line":20,"column":55}},"line":20},"6":{"name":"(anonymous_6)","decl":{"start":{"line":21,"column":14},"end":{"line":21,"column":15}},"loc":{"start":{"line":21,"column":25},"end":{"line":21,"column":50}},"line":21},"7":{"name":"(anonymous_7)","decl":{"start":{"line":24,"column":6},"end":{"line":24,"column":7}},"loc":{"start":{"line":24,"column":17},"end":{"line":24,"column":39}},"line":24}},"branchMap":{"0":{"loc":{"start":{"line":19,"column":35},"end":{"line":19,"column":109}},"type":"binary-expr","locations":[{"start":{"line":19,"column":35},"end":{"line":19,"column":54}},{"start":{"line":19,"column":58},"end":{"line":19,"column":92}},{"start":{"line":19,"column":96},"end":{"line":19,"column":109}}],"line":19},"1":{"loc":{"start":{"line":21,"column":25},"end":{"line":21,"column":50}},"type":"binary-expr","locations":[{"start":{"line":21,"column":25},"end":{"line":21,"column":37}},{"start":{"line":21,"column":41},"end":{"line":21,"column":50}}],"line":21}},"s":{"0":1,"1":4,"2":4,"3":0,"4":0,"5":1,"6":4,"7":4,"8":4,"9":4},"f":{"0":4,"1":4,"2":0,"3":0,"4":4,"5":4,"6":4,"7":4},"b":{"0":[4,3,3],"1":[4,1]},"_coverageSchema":"1a1c01bbd47fc00a2c39e90264f33305004495a9","hash":"712dab3f6eb0ab7534276a423929feddf2ff051b"}
,"/Users/thallesncarvalho/dev/mern-todo-app-r/client/src/components/Atoms/Card/index.tsx": {"path":"/Users/thallesncarvalho/dev/mern-todo-app-r/client/src/components/Atoms/Card/index.tsx","statementMap":{"0":{"start":{"line":13,"column":13},"end":{"line":30,"column":1}},"1":{"start":{"line":19,"column":4},"end":{"line":29,"column":5}},"2":{"start":{"line":21,"column":27},"end":{"line":21,"column":38}}},"fnMap":{"0":{"name":"(anonymous_0)","decl":{"start":{"line":13,"column":13},"end":{"line":13,"column":14}},"loc":{"start":{"line":18,"column":17},"end":{"line":30,"column":1}},"line":18},"1":{"name":"(anonymous_1)","decl":{"start":{"line":21,"column":21},"end":{"line":21,"column":22}},"loc":{"start":{"line":21,"column":27},"end":{"line":21,"column":38}},"line":21}},"branchMap":{"0":{"loc":{"start":{"line":14,"column":4},"end":{"line":14,"column":23}},"type":"default-arg","locations":[{"start":{"line":14,"column":18},"end":{"line":14,"column":23}}],"line":14},"1":{"loc":{"start":{"line":16,"column":4},"end":{"line":16,"column":15}},"type":"default-arg","locations":[{"start":{"line":16,"column":11},"end":{"line":16,"column":15}}],"line":16}},"s":{"0":1,"1":4,"2":1},"f":{"0":4,"1":1},"b":{"0":[3],"1":[4]},"_coverageSchema":"1a1c01bbd47fc00a2c39e90264f33305004495a9","hash":"8bcce626baad8444c8de06ca04ce50eb771aecf0"}
,"/Users/thallesncarvalho/dev/mern-todo-app-r/client/src/components/Atoms/FormField/Checkbox/Checkbox.style.ts": {"path":"/Users/thallesncarvalho/dev/mern-todo-app-r/client/src/components/Atoms/FormField/Checkbox/Checkbox.style.ts","statementMap":{"0":{"start":{"line":3,"column":25},"end":{"line":5,"column":1}},"1":{"start":{"line":11,"column":24},"end":{"line":20,"column":1}},"2":{"start":{"line":13,"column":33},"end":{"line":13,"column":119}},"3":{"start":{"line":14,"column":30},"end":{"line":14,"column":54}},"4":{"start":{"line":16,"column":23},"end":{"line":16,"column":48}},"5":{"start":{"line":18,"column":22},"end":{"line":18,"column":47}},"6":{"start":{"line":22,"column":29},"end":{"line":28,"column":1}},"7":{"start":{"line":30,"column":21},"end":{"line":35,"column":1}},"8":{"start":{"line":31,"column":22},"end":{"line":31,"column":55}},"9":{"start":{"line":32,"column":26},"end":{"line":32,"column":66}},"10":{"start":{"line":33,"column":30},"end":{"line":33,"column":53}},"11":{"start":{"line":34,"column":28},"end":{"line":34,"column":52}}},"fnMap":{"0":{"name":"(anonymous_0)","decl":{"start":{"line":13,"column":22},"end":{"line":13,"column":23}},"loc":{"start":{"line":13,"column":33},"end":{"line":13,"column":119}},"line":13},"1":{"name":"(anonymous_1)","decl":{"start":{"line":14,"column":19},"end":{"line":14,"column":20}},"loc":{"start":{"line":14,"column":30},"end":{"line":14,"column":54}},"line":14},"2":{"name":"(anonymous_2)","decl":{"start":{"line":16,"column":12},"end":{"line":16,"column":13}},"loc":{"start":{"line":16,"column":23},"end":{"line":16,"column":48}},"line":16},"3":{"name":"(anonymous_3)","decl":{"start":{"line":18,"column":11},"end":{"line":18,"column":12}},"loc":{"start":{"line":18,"column":22},"end":{"line":18,"column":47}},"line":18},"4":{"name":"(anonymous_4)","decl":{"start":{"line":31,"column":11},"end":{"line":31,"column":12}},"loc":{"start":{"line":31,"column":22},"end":{"line":31,"column":55}},"line":31},"5":{"name":"(anonymous_5)","decl":{"start":{"line":32,"column":15},"end":{"line":32,"column":16}},"loc":{"start":{"line":32,"column":26},"end":{"line":32,"column":66}},"line":32},"6":{"name":"(anonymous_6)","decl":{"start":{"line":33,"column":19},"end":{"line":33,"column":20}},"loc":{"start":{"line":33,"column":30},"end":{"line":33,"column":53}},"line":33},"7":{"name":"(anonymous_7)","decl":{"start":{"line":34,"column":17},"end":{"line":34,"column":18}},"loc":{"start":{"line":34,"column":28},"end":{"line":34,"column":52}},"line":34}},"branchMap":{"0":{"loc":{"start":{"line":13,"column":33},"end":{"line":13,"column":119}},"type":"cond-expr","locations":[{"start":{"line":13,"column":49},"end":{"line":13,"column":82}},{"start":{"line":13,"column":85},"end":{"line":13,"column":119}}],"line":13}},"s":{"0":2,"1":2,"2":4,"3":4,"4":4,"5":4,"6":2,"7":2,"8":4,"9":4,"10":4,"11":4},"f":{"0":4,"1":4,"2":4,"3":4,"4":4,"5":4,"6":4,"7":4},"b":{"0":[1,3]},"_coverageSchema":"1a1c01bbd47fc00a2c39e90264f33305004495a9","hash":"3103836bcf055c31e6e207534897675eac8f885b"}
,"/Users/thallesncarvalho/dev/mern-todo-app-r/client/src/components/Atoms/FormField/Checkbox/index.tsx": {"path":"/Users/thallesncarvalho/dev/mern-todo-app-r/client/src/components/Atoms/FormField/Checkbox/index.tsx","statementMap":{"0":{"start":{"line":18,"column":17},"end":{"line":50,"column":1}},"1":{"start":{"line":26,"column":18},"end":{"line":26,"column":40}},"2":{"start":{"line":28,"column":2},"end":{"line":32,"column":13}},"3":{"start":{"line":29,"column":4},"end":{"line":31,"column":5}},"4":{"start":{"line":30,"column":6},"end":{"line":30,"column":30}},"5":{"start":{"line":34,"column":23},"end":{"line":39,"column":3}},"6":{"start":{"line":35,"column":21},"end":{"line":35,"column":29}},"7":{"start":{"line":37,"column":4},"end":{"line":37,"column":31}},"8":{"start":{"line":38,"column":4},"end":{"line":38,"column":25}},"9":{"start":{"line":41,"column":2},"end":{"line":49,"column":3}},"10":{"start":{"line":43,"column":95},"end":{"line":43,"column":109}},"11":{"start":{"line":47,"column":62},"end":{"line":47,"column":76}}},"fnMap":{"0":{"name":"(anonymous_0)","decl":{"start":{"line":18,"column":17},"end":{"line":18,"column":18}},"loc":{"start":{"line":25,"column":21},"end":{"line":50,"column":1}},"line":25},"1":{"name":"(anonymous_1)","decl":{"start":{"line":28,"column":12},"end":{"line":28,"column":13}},"loc":{"start":{"line":28,"column":18},"end":{"line":32,"column":3}},"line":28},"2":{"name":"(anonymous_2)","decl":{"start":{"line":34,"column":23},"end":{"line":34,"column":24}},"loc":{"start":{"line":34,"column":29},"end":{"line":39,"column":3}},"line":34},"3":{"name":"(anonymous_3)","decl":{"start":{"line":43,"column":89},"end":{"line":43,"column":90}},"loc":{"start":{"line":43,"column":95},"end":{"line":43,"column":109}},"line":43},"4":{"name":"(anonymous_4)","decl":{"start":{"line":47,"column":56},"end":{"line":47,"column":57}},"loc":{"start":{"line":47,"column":62},"end":{"line":47,"column":76}},"line":47}},"branchMap":{"0":{"loc":{"start":{"line":22,"column":2},"end":{"line":22,"column":15}},"type":"default-arg","locations":[{"start":{"line":22,"column":10},"end":{"line":22,"column":15}}],"line":22},"1":{"loc":{"start":{"line":29,"column":4},"end":{"line":31,"column":5}},"type":"if","locations":[{"start":{"line":29,"column":4},"end":{"line":31,"column":5}},{"start":{},"end":{}}],"line":29},"2":{"loc":{"start":{"line":45,"column":9},"end":{"line":45,"column":81}},"type":"binary-expr","locations":[{"start":{"line":45,"column":9},"end":{"line":45,"column":16}},{"start":{"line":45,"column":20},"end":{"line":45,"column":45}},{"start":{"line":45,"column":49},"end":{"line":45,"column":81}}],"line":45}},"s":{"0":2,"1":4,"2":4,"3":4,"4":1,"5":4,"6":2,"7":2,"8":2,"9":4,"10":1,"11":1},"f":{"0":4,"1":4,"2":2,"3":1,"4":1},"b":{"0":[3],"1":[1,3],"2":[4,4,4]},"_coverageSchema":"1a1c01bbd47fc00a2c39e90264f33305004495a9","hash":"d250a0c66b70ce444c35df014906540e16ea46f1"}
,"/Users/thallesncarvalho/dev/mern-todo-app-r/client/src/components/Atoms/FormField/Select/Select.style.ts": {"path":"/Users/thallesncarvalho/dev/mern-todo-app-r/client/src/components/Atoms/FormField/Select/Select.style.ts","statementMap":{"0":{"start":{"line":3,"column":25},"end":{"line":6,"column":1}},"1":{"start":{"line":8,"column":21},"end":{"line":12,"column":1}},"2":{"start":{"line":9,"column":22},"end":{"line":9,"column":55}},"3":{"start":{"line":10,"column":26},"end":{"line":10,"column":66}},"4":{"start":{"line":11,"column":30},"end":{"line":11,"column":53}},"5":{"start":{"line":14,"column":22},"end":{"line":18,"column":1}},"6":{"start":{"line":15,"column":24},"end":{"line":15,"column":47}},"7":{"start":{"line":16,"column":33},"end":{"line":16,"column":67}},"8":{"start":{"line":17,"column":30},"end":{"line":17,"column":54}},"9":{"start":{"line":20,"column":22},"end":{"line":20,"column":37}}},"fnMap":{"0":{"name":"(anonymous_0)","decl":{"start":{"line":9,"column":11},"end":{"line":9,"column":12}},"loc":{"start":{"line":9,"column":22},"end":{"line":9,"column":55}},"line":9},"1":{"name":"(anonymous_1)","decl":{"start":{"line":10,"column":15},"end":{"line":10,"column":16}},"loc":{"start":{"line":10,"column":26},"end":{"line":10,"column":66}},"line":10},"2":{"name":"(anonymous_2)","decl":{"start":{"line":11,"column":19},"end":{"line":11,"column":20}},"loc":{"start":{"line":11,"column":30},"end":{"line":11,"column":53}},"line":11},"3":{"name":"(anonymous_3)","decl":{"start":{"line":15,"column":13},"end":{"line":15,"column":14}},"loc":{"start":{"line":15,"column":24},"end":{"line":15,"column":47}},"line":15},"4":{"name":"(anonymous_4)","decl":{"start":{"line":16,"column":22},"end":{"line":16,"column":23}},"loc":{"start":{"line":16,"column":33},"end":{"line":16,"column":67}},"line":16},"5":{"name":"(anonymous_5)","decl":{"start":{"line":17,"column":19},"end":{"line":17,"column":20}},"loc":{"start":{"line":17,"column":30},"end":{"line":17,"column":54}},"line":17}},"branchMap":{},"s":{"0":2,"1":2,"2":6,"3":6,"4":6,"5":2,"6":6,"7":6,"8":6,"9":2},"f":{"0":6,"1":6,"2":6,"3":6,"4":6,"5":6},"b":{},"_coverageSchema":"1a1c01bbd47fc00a2c39e90264f33305004495a9","hash":"cc23d1cb714e8bd1ce6359745762d8fc37b8e6f1"}
,"/Users/thallesncarvalho/dev/mern-todo-app-r/client/src/components/Atoms/FormField/Select/index.tsx": {"path":"/Users/thallesncarvalho/dev/mern-todo-app-r/client/src/components/Atoms/FormField/Select/index.tsx","statementMap":{"0":{"start":{"line":20,"column":15},"end":{"line":65,"column":1}},"1":{"start":{"line":28,"column":35},"end":{"line":28,"column":53}},"2":{"start":{"line":29,"column":45},"end":{"line":29,"column":63}},"3":{"start":{"line":31,"column":2},"end":{"line":40,"column":38}},"4":{"start":{"line":32,"column":4},"end":{"line":39,"column":5}},"5":{"start":{"line":33,"column":6},"end":{"line":38,"column":7}},"6":{"start":{"line":34,"column":8},"end":{"line":34,"column":30}},"7":{"start":{"line":35,"column":8},"end":{"line":35,"column":83}},"8":{"start":{"line":35,"column":55},"end":{"line":35,"column":80}},"9":{"start":{"line":36,"column":13},"end":{"line":38,"column":7}},"10":{"start":{"line":37,"column":8},"end":{"line":37,"column":23}},"11":{"start":{"line":42,"column":23},"end":{"line":52,"column":3}},"12":{"start":{"line":43,"column":4},"end":{"line":51,"column":5}},"13":{"start":{"line":44,"column":36},"end":{"line":44,"column":78}},"14":{"start":{"line":46,"column":6},"end":{"line":50,"column":7}},"15":{"start":{"line":47,"column":8},"end":{"line":47,"column":40}},"16":{"start":{"line":48,"column":8},"end":{"line":48,"column":46}},"17":{"start":{"line":49,"column":8},"end":{"line":49,"column":60}},"18":{"start":{"line":54,"column":2},"end":{"line":64,"column":3}},"19":{"start":{"line":60,"column":10},"end":{"line":60,"column":86}}},"fnMap":{"0":{"name":"(anonymous_0)","decl":{"start":{"line":20,"column":15},"end":{"line":20,"column":16}},"loc":{"start":{"line":27,"column":19},"end":{"line":65,"column":1}},"line":27},"1":{"name":"(anonymous_1)","decl":{"start":{"line":31,"column":12},"end":{"line":31,"column":13}},"loc":{"start":{"line":31,"column":18},"end":{"line":40,"column":3}},"line":31},"2":{"name":"(anonymous_2)","decl":{"start":{"line":35,"column":43},"end":{"line":35,"column":44}},"loc":{"start":{"line":35,"column":55},"end":{"line":35,"column":80}},"line":35},"3":{"name":"(anonymous_3)","decl":{"start":{"line":42,"column":23},"end":{"line":42,"column":24}},"loc":{"start":{"line":42,"column":91},"end":{"line":52,"column":3}},"line":42},"4":{"name":"(anonymous_4)","decl":{"start":{"line":59,"column":21},"end":{"line":59,"column":22}},"loc":{"start":{"line":60,"column":10},"end":{"line":60,"column":86}},"line":60}},"branchMap":{"0":{"loc":{"start":{"line":32,"column":4},"end":{"line":39,"column":5}},"type":"if","locations":[{"start":{"line":32,"column":4},"end":{"line":39,"column":5}},{"start":{},"end":{}}],"line":32},"1":{"loc":{"start":{"line":33,"column":6},"end":{"line":38,"column":7}},"type":"if","locations":[{"start":{"line":33,"column":6},"end":{"line":38,"column":7}},{"start":{"line":36,"column":13},"end":{"line":38,"column":7}}],"line":33},"2":{"loc":{"start":{"line":36,"column":13},"end":{"line":38,"column":7}},"type":"if","locations":[{"start":{"line":36,"column":13},"end":{"line":38,"column":7}},{"start":{},"end":{}}],"line":36},"3":{"loc":{"start":{"line":42,"column":60},"end":{"line":42,"column":86}},"type":"default-arg","locations":[{"start":{"line":42,"column":85},"end":{"line":42,"column":86}}],"line":42},"4":{"loc":{"start":{"line":43,"column":4},"end":{"line":51,"column":5}},"type":"if","locations":[{"start":{"line":43,"column":4},"end":{"line":51,"column":5}},{"start":{},"end":{}}],"line":43},"5":{"loc":{"start":{"line":44,"column":43},"end":{"line":44,"column":77}},"type":"binary-expr","locations":[{"start":{"line":44,"column":43},"end":{"line":44,"column":59}},{"start":{"line":44,"column":63},"end":{"line":44,"column":77}}],"line":44},"6":{"loc":{"start":{"line":46,"column":6},"end":{"line":50,"column":7}},"type":"if","locations":[{"start":{"line":46,"column":6},"end":{"line":50,"column":7}},{"start":{},"end":{}}],"line":46}},"s":{"0":2,"1":6,"2":6,"3":6,"4":3,"5":3,"6":0,"7":0,"8":0,"9":3,"10":3,"11":6,"12":3,"13":3,"14":3,"15":3,"16":3,"17":3,"18":6,"19":18},"f":{"0":6,"1":3,"2":0,"3":3,"4":18},"b":{"0":[3,0],"1":[0,3],"2":[3,0],"3":[3],"4":[3,0],"5":[3,3],"6":[3,0]},"_coverageSchema":"1a1c01bbd47fc00a2c39e90264f33305004495a9","hash":"b47c918c0305e0dd9506df41020787c53feff3fc"}
,"/Users/thallesncarvalho/dev/mern-todo-app-r/client/src/components/Atoms/FormField/TextField/TextField.style.ts": {"path":"/Users/thallesncarvalho/dev/mern-todo-app-r/client/src/components/Atoms/FormField/TextField/TextField.style.ts","statementMap":{"0":{"start":{"line":3,"column":25},"end":{"line":10,"column":1}},"1":{"start":{"line":7,"column":50},"end":{"line":7,"column":76}},"2":{"start":{"line":12,"column":21},"end":{"line":16,"column":1}},"3":{"start":{"line":13,"column":22},"end":{"line":13,"column":55}},"4":{"start":{"line":14,"column":26},"end":{"line":14,"column":66}},"5":{"start":{"line":15,"column":30},"end":{"line":15,"column":53}},"6":{"start":{"line":18,"column":25},"end":{"line":23,"column":1}},"7":{"start":{"line":19,"column":33},"end":{"line":19,"column":67}},"8":{"start":{"line":20,"column":24},"end":{"line":20,"column":47}},"9":{"start":{"line":21,"column":33},"end":{"line":21,"column":67}}},"fnMap":{"0":{"name":"(anonymous_0)","decl":{"start":{"line":7,"column":39},"end":{"line":7,"column":40}},"loc":{"start":{"line":7,"column":50},"end":{"line":7,"column":76}},"line":7},"1":{"name":"(anonymous_1)","decl":{"start":{"line":13,"column":11},"end":{"line":13,"column":12}},"loc":{"start":{"line":13,"column":22},"end":{"line":13,"column":55}},"line":13},"2":{"name":"(anonymous_2)","decl":{"start":{"line":14,"column":15},"end":{"line":14,"column":16}},"loc":{"start":{"line":14,"column":26},"end":{"line":14,"column":66}},"line":14},"3":{"name":"(anonymous_3)","decl":{"start":{"line":15,"column":19},"end":{"line":15,"column":20}},"loc":{"start":{"line":15,"column":30},"end":{"line":15,"column":53}},"line":15},"4":{"name":"(anonymous_4)","decl":{"start":{"line":19,"column":22},"end":{"line":19,"column":23}},"loc":{"start":{"line":19,"column":33},"end":{"line":19,"column":67}},"line":19},"5":{"name":"(anonymous_5)","decl":{"start":{"line":20,"column":13},"end":{"line":20,"column":14}},"loc":{"start":{"line":20,"column":24},"end":{"line":20,"column":47}},"line":20},"6":{"name":"(anonymous_6)","decl":{"start":{"line":21,"column":22},"end":{"line":21,"column":23}},"loc":{"start":{"line":21,"column":33},"end":{"line":21,"column":67}},"line":21}},"branchMap":{},"s":{"0":1,"1":2,"2":1,"3":2,"4":2,"5":2,"6":1,"7":2,"8":2,"9":2},"f":{"0":2,"1":2,"2":2,"3":2,"4":2,"5":2,"6":2},"b":{},"_coverageSchema":"1a1c01bbd47fc00a2c39e90264f33305004495a9","hash":"7cc1ba7e00261e9ed5c8f11613d5db6b363f4eed"}
,"/Users/thallesncarvalho/dev/mern-todo-app-r/client/src/components/Atoms/FormField/TextField/index.tsx": {"path":"/Users/thallesncarvalho/dev/mern-todo-app-r/client/src/components/Atoms/FormField/TextField/index.tsx","statementMap":{"0":{"start":{"line":17,"column":32},"end":{"line":44,"column":2}},"1":{"start":{"line":28,"column":2},"end":{"line":43,"column":3}},"2":{"start":{"line":39,"column":25},"end":{"line":39,"column":38}},"3":{"start":{"line":46,"column":0},"end":{"line":46,"column":49}},"4":{"start":{"line":48,"column":18},"end":{"line":74,"column":1}},"5":{"start":{"line":59,"column":2},"end":{"line":73,"column":3}},"6":{"start":{"line":69,"column":25},"end":{"line":69,"column":38}}},"fnMap":{"0":{"name":"(anonymous_0)","decl":{"start":{"line":17,"column":43},"end":{"line":17,"column":44}},"loc":{"start":{"line":27,"column":32},"end":{"line":44,"column":1}},"line":27},"1":{"name":"(anonymous_1)","decl":{"start":{"line":39,"column":18},"end":{"line":39,"column":19}},"loc":{"start":{"line":39,"column":25},"end":{"line":39,"column":38}},"line":39},"2":{"name":"(anonymous_2)","decl":{"start":{"line":48,"column":18},"end":{"line":48,"column":19}},"loc":{"start":{"line":58,"column":22},"end":{"line":74,"column":1}},"line":58},"3":{"name":"(anonymous_3)","decl":{"start":{"line":69,"column":18},"end":{"line":69,"column":19}},"loc":{"start":{"line":69,"column":25},"end":{"line":69,"column":38}},"line":69}},"branchMap":{"0":{"loc":{"start":{"line":18,"column":2},"end":{"line":18,"column":15}},"type":"default-arg","locations":[{"start":{"line":18,"column":9},"end":{"line":18,"column":15}}],"line":18},"1":{"loc":{"start":{"line":22,"column":2},"end":{"line":22,"column":18}},"type":"default-arg","locations":[{"start":{"line":22,"column":13},"end":{"line":22,"column":18}}],"line":22},"2":{"loc":{"start":{"line":23,"column":2},"end":{"line":23,"column":18}},"type":"default-arg","locations":[{"start":{"line":23,"column":13},"end":{"line":23,"column":18}}],"line":23},"3":{"loc":{"start":{"line":49,"column":2},"end":{"line":49,"column":15}},"type":"default-arg","locations":[{"start":{"line":49,"column":9},"end":{"line":49,"column":15}}],"line":49},"4":{"loc":{"start":{"line":53,"column":2},"end":{"line":53,"column":18}},"type":"default-arg","locations":[{"start":{"line":53,"column":13},"end":{"line":53,"column":18}}],"line":53},"5":{"loc":{"start":{"line":54,"column":2},"end":{"line":54,"column":18}},"type":"default-arg","locations":[{"start":{"line":54,"column":13},"end":{"line":54,"column":18}}],"line":54}},"s":{"0":1,"1":0,"2":0,"3":1,"4":1,"5":2,"6":0},"f":{"0":0,"1":0,"2":2,"3":0},"b":{"0":[0],"1":[0],"2":[0],"3":[0],"4":[2],"5":[0]},"_coverageSchema":"1a1c01bbd47fc00a2c39e90264f33305004495a9","hash":"b581d46d2c5003065a1a265ae6c666fc44d53648"}
,"/Users/thallesncarvalho/dev/mern-todo-app-r/client/src/components/Atoms/FormField/Textbox/Textbox.style.ts": {"path":"/Users/thallesncarvalho/dev/mern-todo-app-r/client/src/components/Atoms/FormField/Textbox/Textbox.style.ts","statementMap":{"0":{"start":{"line":3,"column":25},"end":{"line":6,"column":1}},"1":{"start":{"line":8,"column":21},"end":{"line":12,"column":1}},"2":{"start":{"line":9,"column":22},"end":{"line":9,"column":55}},"3":{"start":{"line":10,"column":26},"end":{"line":10,"column":66}},"4":{"start":{"line":11,"column":30},"end":{"line":11,"column":53}},"5":{"start":{"line":14,"column":23},"end":{"line":19,"column":1}},"6":{"start":{"line":15,"column":33},"end":{"line":15,"column":67}},"7":{"start":{"line":16,"column":24},"end":{"line":16,"column":47}},"8":{"start":{"line":17,"column":33},"end":{"line":17,"column":67}},"9":{"start":{"line":18,"column":30},"end":{"line":18,"column":53}}},"fnMap":{"0":{"name":"(anonymous_0)","decl":{"start":{"line":9,"column":11},"end":{"line":9,"column":12}},"loc":{"start":{"line":9,"column":22},"end":{"line":9,"column":55}},"line":9},"1":{"name":"(anonymous_1)","decl":{"start":{"line":10,"column":15},"end":{"line":10,"column":16}},"loc":{"start":{"line":10,"column":26},"end":{"line":10,"column":66}},"line":10},"2":{"name":"(anonymous_2)","decl":{"start":{"line":11,"column":19},"end":{"line":11,"column":20}},"loc":{"start":{"line":11,"column":30},"end":{"line":11,"column":53}},"line":11},"3":{"name":"(anonymous_3)","decl":{"start":{"line":15,"column":22},"end":{"line":15,"column":23}},"loc":{"start":{"line":15,"column":33},"end":{"line":15,"column":67}},"line":15},"4":{"name":"(anonymous_4)","decl":{"start":{"line":16,"column":13},"end":{"line":16,"column":14}},"loc":{"start":{"line":16,"column":24},"end":{"line":16,"column":47}},"line":16},"5":{"name":"(anonymous_5)","decl":{"start":{"line":17,"column":22},"end":{"line":17,"column":23}},"loc":{"start":{"line":17,"column":33},"end":{"line":17,"column":67}},"line":17},"6":{"name":"(anonymous_6)","decl":{"start":{"line":18,"column":19},"end":{"line":18,"column":20}},"loc":{"start":{"line":18,"column":30},"end":{"line":18,"column":53}},"line":18}},"branchMap":{},"s":{"0":1,"1":1,"2":0,"3":0,"4":0,"5":1,"6":0,"7":0,"8":0,"9":0},"f":{"0":0,"1":0,"2":0,"3":0,"4":0,"5":0,"6":0},"b":{},"_coverageSchema":"1a1c01bbd47fc00a2c39e90264f33305004495a9","hash":"166089ed7dc4d194964e16b53f94edec3d2ec02e"}
,"/Users/thallesncarvalho/dev/mern-todo-app-r/client/src/components/Atoms/FormField/Textbox/index.tsx": {"path":"/Users/thallesncarvalho/dev/mern-todo-app-r/client/src/components/Atoms/FormField/Textbox/index.tsx","statementMap":{"0":{"start":{"line":18,"column":16},"end":{"line":45,"column":1}},"1":{"start":{"line":30,"column":2},"end":{"line":44,"column":3}},"2":{"start":{"line":40,"column":25},"end":{"line":40,"column":38}}},"fnMap":{"0":{"name":"(anonymous_0)","decl":{"start":{"line":18,"column":16},"end":{"line":18,"column":17}},"loc":{"start":{"line":29,"column":20},"end":{"line":45,"column":1}},"line":29},"1":{"name":"(anonymous_1)","decl":{"start":{"line":40,"column":18},"end":{"line":40,"column":19}},"loc":{"start":{"line":40,"column":25},"end":{"line":40,"column":38}},"line":40}},"branchMap":{"0":{"loc":{"start":{"line":19,"column":2},"end":{"line":19,"column":15}},"type":"default-arg","locations":[{"start":{"line":19,"column":9},"end":{"line":19,"column":15}}],"line":19},"1":{"loc":{"start":{"line":24,"column":2},"end":{"line":24,"column":18}},"type":"default-arg","locations":[{"start":{"line":24,"column":13},"end":{"line":24,"column":18}}],"line":24},"2":{"loc":{"start":{"line":25,"column":2},"end":{"line":25,"column":18}},"type":"default-arg","locations":[{"start":{"line":25,"column":13},"end":{"line":25,"column":18}}],"line":25}},"s":{"0":1,"1":0,"2":0},"f":{"0":0,"1":0},"b":{"0":[0],"1":[0],"2":[0]},"_coverageSchema":"1a1c01bbd47fc00a2c39e90264f33305004495a9","hash":"be34bf2eec4099d775355ac62078bf9bc6444370"}
,"/Users/thallesncarvalho/dev/mern-todo-app-r/client/src/components/Atoms/List/List.style.ts": {"path":"/Users/thallesncarvalho/dev/mern-todo-app-r/client/src/components/Atoms/List/List.style.ts","statementMap":{"0":{"start":{"line":7,"column":24},"end":{"line":13,"column":1}},"1":{"start":{"line":8,"column":2},"end":{"line":10,"column":3}},"2":{"start":{"line":9,"column":4},"end":{"line":9,"column":73}},"3":{"start":{"line":12,"column":2},"end":{"line":12,"column":55}},"4":{"start":{"line":15,"column":23},"end":{"line":23,"column":1}},"5":{"start":{"line":17,"column":38},"end":{"line":17,"column":86}},"6":{"start":{"line":18,"column":25},"end":{"line":18,"column":48}},"7":{"start":{"line":20,"column":50},"end":{"line":20,"column":79}},"8":{"start":{"line":21,"column":40},"end":{"line":21,"column":94}},"9":{"start":{"line":25,"column":20},"end":{"line":32,"column":1}},"10":{"start":{"line":26,"column":15},"end":{"line":26,"column":46}},"11":{"start":{"line":34,"column":18},"end":{"line":34,"column":29}}},"fnMap":{"0":{"name":"(anonymous_0)","decl":{"start":{"line":7,"column":24},"end":{"line":7,"column":25}},"loc":{"start":{"line":7,"column":74},"end":{"line":13,"column":1}},"line":7},"1":{"name":"(anonymous_1)","decl":{"start":{"line":17,"column":27},"end":{"line":17,"column":28}},"loc":{"start":{"line":17,"column":38},"end":{"line":17,"column":86}},"line":17},"2":{"name":"(anonymous_2)","decl":{"start":{"line":18,"column":14},"end":{"line":18,"column":15}},"loc":{"start":{"line":18,"column":25},"end":{"line":18,"column":48}},"line":18},"3":{"name":"(anonymous_3)","decl":{"start":{"line":20,"column":39},"end":{"line":20,"column":40}},"loc":{"start":{"line":20,"column":50},"end":{"line":20,"column":79}},"line":20},"4":{"name":"(anonymous_4)","decl":{"start":{"line":21,"column":29},"end":{"line":21,"column":30}},"loc":{"start":{"line":21,"column":40},"end":{"line":21,"column":94}},"line":21},"5":{"name":"(anonymous_5)","decl":{"start":{"line":26,"column":4},"end":{"line":26,"column":5}},"loc":{"start":{"line":26,"column":15},"end":{"line":26,"column":46}},"line":26}},"branchMap":{"0":{"loc":{"start":{"line":7,"column":53},"end":{"line":7,"column":69}},"type":"default-arg","locations":[{"start":{"line":7,"column":64},"end":{"line":7,"column":69}}],"line":7},"1":{"loc":{"start":{"line":8,"column":2},"end":{"line":10,"column":3}},"type":"if","locations":[{"start":{"line":8,"column":2},"end":{"line":10,"column":3}},{"start":{},"end":{}}],"line":8},"2":{"loc":{"start":{"line":9,"column":11},"end":{"line":9,"column":72}},"type":"cond-expr","locations":[{"start":{"line":9,"column":36},"end":{"line":9,"column":62}},{"start":{"line":9,"column":65},"end":{"line":9,"column":72}}],"line":9},"3":{"loc":{"start":{"line":9,"column":36},"end":{"line":9,"column":62}},"type":"binary-expr","locations":[{"start":{"line":9,"column":36},"end":{"line":9,"column":48}},{"start":{"line":9,"column":52},"end":{"line":9,"column":62}}],"line":9},"4":{"loc":{"start":{"line":12,"column":9},"end":{"line":12,"column":54}},"type":"cond-expr","locations":[{"start":{"line":12,"column":34},"end":{"line":12,"column":44}},{"start":{"line":12,"column":47},"end":{"line":12,"column":54}}],"line":12},"5":{"loc":{"start":{"line":26,"column":15},"end":{"line":26,"column":46}},"type":"binary-expr","locations":[{"start":{"line":26,"column":15},"end":{"line":26,"column":28}},{"start":{"line":26,"column":32},"end":{"line":26,"column":46}}],"line":26}},"s":{"0":1,"1":8,"2":4,"3":4,"4":1,"5":4,"6":4,"7":4,"8":4,"9":1,"10":4,"11":1},"f":{"0":8,"1":4,"2":4,"3":4,"4":4,"5":4},"b":{"0":[4],"1":[4,4],"2":[0,4],"3":[0,0],"4":[0,4],"5":[4,4]},"_coverageSchema":"1a1c01bbd47fc00a2c39e90264f33305004495a9","hash":"3d0e88471757f316b153fd5d7e299d1d3e7819dd"}
,"/Users/thallesncarvalho/dev/mern-todo-app-r/client/src/components/Atoms/List/index.tsx": {"path":"/Users/thallesncarvalho/dev/mern-todo-app-r/client/src/components/Atoms/List/index.tsx","statementMap":{"0":{"start":{"line":13,"column":13},"end":{"line":28,"column":1}},"1":{"start":{"line":19,"column":2},"end":{"line":27,"column":3}},"2":{"start":{"line":22,"column":8},"end":{"line":24,"column":16}}},"fnMap":{"0":{"name":"(anonymous_0)","decl":{"start":{"line":13,"column":13},"end":{"line":13,"column":14}},"loc":{"start":{"line":18,"column":17},"end":{"line":28,"column":1}},"line":18},"1":{"name":"(anonymous_1)","decl":{"start":{"line":21,"column":18},"end":{"line":21,"column":19}},"loc":{"start":{"line":22,"column":8},"end":{"line":24,"column":16}},"line":22}},"branchMap":{"0":{"loc":{"start":{"line":14,"column":2},"end":{"line":14,"column":16}},"type":"default-arg","locations":[{"start":{"line":14,"column":14},"end":{"line":14,"column":16}}],"line":14},"1":{"loc":{"start":{"line":15,"column":2},"end":{"line":15,"column":13}},"type":"default-arg","locations":[{"start":{"line":15,"column":12},"end":{"line":15,"column":13}}],"line":15},"2":{"loc":{"start":{"line":22,"column":23},"end":{"line":22,"column":51}},"type":"binary-expr","locations":[{"start":{"line":22,"column":23},"end":{"line":22,"column":32}},{"start":{"line":22,"column":36},"end":{"line":22,"column":51}}],"line":22}},"s":{"0":1,"1":4,"2":16},"f":{"0":4,"1":16},"b":{"0":[4],"1":[3],"2":[16,0]},"_coverageSchema":"1a1c01bbd47fc00a2c39e90264f33305004495a9","hash":"7a2ff3aaf1e8dd2f8793d0717102fdf7f92de77d"}
,"/Users/thallesncarvalho/dev/mern-todo-app-r/client/src/components/Molecules/Form/Form.style.ts": {"path":"/Users/thallesncarvalho/dev/mern-todo-app-r/client/src/components/Molecules/Form/Form.style.ts","statementMap":{"0":{"start":{"line":3,"column":25},"end":{"line":11,"column":1}},"1":{"start":{"line":9,"column":29},"end":{"line":9,"column":52}},"2":{"start":{"line":13,"column":23},"end":{"line":13,"column":35}},"3":{"start":{"line":15,"column":20},"end":{"line":15,"column":33}},"4":{"start":{"line":17,"column":28},"end":{"line":21,"column":1}},"5":{"start":{"line":18,"column":26},"end":{"line":18,"column":66}},"6":{"start":{"line":19,"column":28},"end":{"line":19,"column":75}},"7":{"start":{"line":20,"column":24},"end":{"line":20,"column":47}},"8":{"start":{"line":20,"column":62},"end":{"line":20,"column":85}},"9":{"start":{"line":20,"column":100},"end":{"line":20,"column":123}},"10":{"start":{"line":27,"column":28},"end":{"line":38,"column":1}},"11":{"start":{"line":29,"column":38},"end":{"line":29,"column":68}},"12":{"start":{"line":30,"column":25},"end":{"line":30,"column":44}},"13":{"start":{"line":33,"column":50},"end":{"line":33,"column":76}},"14":{"start":{"line":40,"column":22},"end":{"line":40,"column":34}}},"fnMap":{"0":{"name":"(anonymous_0)","decl":{"start":{"line":9,"column":18},"end":{"line":9,"column":19}},"loc":{"start":{"line":9,"column":29},"end":{"line":9,"column":52}},"line":9},"1":{"name":"(anonymous_1)","decl":{"start":{"line":18,"column":15},"end":{"line":18,"column":16}},"loc":{"start":{"line":18,"column":26},"end":{"line":18,"column":66}},"line":18},"2":{"name":"(anonymous_2)","decl":{"start":{"line":19,"column":17},"end":{"line":19,"column":18}},"loc":{"start":{"line":19,"column":28},"end":{"line":19,"column":75}},"line":19},"3":{"name":"(anonymous_3)","decl":{"start":{"line":20,"column":13},"end":{"line":20,"column":14}},"loc":{"start":{"line":20,"column":24},"end":{"line":20,"column":47}},"line":20},"4":{"name":"(anonymous_4)","decl":{"start":{"line":20,"column":51},"end":{"line":20,"column":52}},"loc":{"start":{"line":20,"column":62},"end":{"line":20,"column":85}},"line":20},"5":{"name":"(anonymous_5)","decl":{"start":{"line":20,"column":89},"end":{"line":20,"column":90}},"loc":{"start":{"line":20,"column":100},"end":{"line":20,"column":123}},"line":20},"6":{"name":"(anonymous_6)","decl":{"start":{"line":29,"column":27},"end":{"line":29,"column":28}},"loc":{"start":{"line":29,"column":38},"end":{"line":29,"column":68}},"line":29},"7":{"name":"(anonymous_7)","decl":{"start":{"line":30,"column":14},"end":{"line":30,"column":15}},"loc":{"start":{"line":30,"column":25},"end":{"line":30,"column":44}},"line":30},"8":{"name":"(anonymous_8)","decl":{"start":{"line":33,"column":39},"end":{"line":33,"column":40}},"loc":{"start":{"line":33,"column":50},"end":{"line":33,"column":76}},"line":33}},"branchMap":{},"s":{"0":1,"1":2,"2":1,"3":1,"4":1,"5":0,"6":0,"7":0,"8":0,"9":0,"10":1,"11":0,"12":0,"13":0,"14":1},"f":{"0":2,"1":0,"2":0,"3":0,"4":0,"5":0,"6":0,"7":0,"8":0},"b":{},"_coverageSchema":"1a1c01bbd47fc00a2c39e90264f33305004495a9","hash":"fb9a54568fadd69b034594369c924e7f6d1eea68"}
,"/Users/thallesncarvalho/dev/mern-todo-app-r/client/src/components/Molecules/Form/index.tsx": {"path":"/Users/thallesncarvalho/dev/mern-todo-app-r/client/src/components/Molecules/Form/index.tsx","statementMap":{"0":{"start":{"line":42,"column":13},"end":{"line":194,"column":2}},"1":{"start":{"line":51,"column":62},"end":{"line":51,"column":77}},"2":{"start":{"line":52,"column":35},"end":{"line":52,"column":51}},"3":{"start":{"line":54,"column":2},"end":{"line":56,"column":27}},"4":{"start":{"line":55,"column":4},"end":{"line":55,"column":56}},"5":{"start":{"line":55,"column":35},"end":{"line":55,"column":54}},"6":{"start":{"line":58,"column":2},"end":{"line":60,"column":21}},"7":{"start":{"line":58,"column":34},"end":{"line":60,"column":3}},"8":{"start":{"line":62,"column":59},"end":{"line":67,"column":3}},"9":{"start":{"line":63,"column":31},"end":{"line":63,"column":113}},"10":{"start":{"line":63,"column":75},"end":{"line":63,"column":113}},"11":{"start":{"line":64,"column":31},"end":{"line":64,"column":116}},"12":{"start":{"line":64,"column":78},"end":{"line":64,"column":116}},"13":{"start":{"line":65,"column":30},"end":{"line":65,"column":108}},"14":{"start":{"line":65,"column":64},"end":{"line":65,"column":108}},"15":{"start":{"line":66,"column":32},"end":{"line":66,"column":85}},"16":{"start":{"line":66,"column":54},"end":{"line":66,"column":85}},"17":{"start":{"line":69,"column":27},"end":{"line":75,"column":3}},"18":{"start":{"line":70,"column":4},"end":{"line":72,"column":5}},"19":{"start":{"line":71,"column":6},"end":{"line":71,"column":18}},"20":{"start":{"line":74,"column":4},"end":{"line":74,"column":21}},"21":{"start":{"line":77,"column":24},"end":{"line":101,"column":3}},"22":{"start":{"line":78,"column":32},"end":{"line":78,"column":77}},"23":{"start":{"line":79,"column":16},"end":{"line":79,"column":51}},"24":{"start":{"line":81,"column":4},"end":{"line":100,"column":5}},"25":{"start":{"line":82,"column":45},"end":{"line":82,"column":50}},"26":{"start":{"line":83,"column":23},"end":{"line":83,"column":69}},"27":{"start":{"line":85,"column":6},"end":{"line":91,"column":8}},"28":{"start":{"line":93,"column":23},"end":{"line":93,"column":69}},"29":{"start":{"line":95,"column":6},"end":{"line":99,"column":7}},"30":{"start":{"line":103,"column":22},"end":{"line":124,"column":3}},"31":{"start":{"line":104,"column":21},"end":{"line":104,"column":26}},"32":{"start":{"line":105,"column":23},"end":{"line":105,"column":49}},"33":{"start":{"line":107,"column":4},"end":{"line":109,"column":5}},"34":{"start":{"line":108,"column":6},"end":{"line":108,"column":23}},"35":{"start":{"line":111,"column":4},"end":{"line":113,"column":5}},"36":{"start":{"line":112,"column":6},"end":{"line":112,"column":18}},"37":{"start":{"line":115,"column":4},"end":{"line":123,"column":5}},"38":{"start":{"line":116,"column":6},"end":{"line":116,"column":83}},"39":{"start":{"line":117,"column":11},"end":{"line":123,"column":5}},"40":{"start":{"line":118,"column":6},"end":{"line":118,"column":87}},"41":{"start":{"line":119,"column":11},"end":{"line":123,"column":5}},"42":{"start":{"line":120,"column":6},"end":{"line":120,"column":80}},"43":{"start":{"line":122,"column":6},"end":{"line":122,"column":84}},"44":{"start":{"line":126,"column":29},"end":{"line":139,"column":3}},"45":{"start":{"line":127,"column":4},"end":{"line":136,"column":5}},"46":{"start":{"line":128,"column":28},"end":{"line":128,"column":73}},"47":{"start":{"line":129,"column":6},"end":{"line":129,"column":68}},"48":{"start":{"line":131,"column":6},"end":{"line":135,"column":7}},"49":{"start":{"line":133,"column":58},"end":{"line":133,"column":97}},"50":{"start":{"line":138,"column":4},"end":{"line":138,"column":30}},"51":{"start":{"line":141,"column":25},"end":{"line":164,"column":4}},"52":{"start":{"line":142,"column":4},"end":{"line":148,"column":5}},"53":{"start":{"line":143,"column":6},"end":{"line":145,"column":7}},"54":{"start":{"line":144,"column":8},"end":{"line":144,"column":53}},"55":{"start":{"line":147,"column":6},"end":{"line":147,"column":18}},"56":{"start":{"line":150,"column":4},"end":{"line":157,"column":5}},"57":{"start":{"line":151,"column":6},"end":{"line":156,"column":7}},"58":{"start":{"line":159,"column":4},"end":{"line":163,"column":5}},"59":{"start":{"line":166,"column":2},"end":{"line":168,"column":3}},"60":{"start":{"line":167,"column":4},"end":{"line":167,"column":99}},"61":{"start":{"line":170,"column":2},"end":{"line":176,"column":3}},"62":{"start":{"line":171,"column":4},"end":{"line":175,"column":5}},"63":{"start":{"line":178,"column":2},"end":{"line":180,"column":3}},"64":{"start":{"line":179,"column":4},"end":{"line":179,"column":16}},"65":{"start":{"line":182,"column":2},"end":{"line":193,"column":4}},"66":{"start":{"line":196,"column":0},"end":{"line":196,"column":26}}},"fnMap":{"0":{"name":"(anonymous_0)","decl":{"start":{"line":42,"column":24},"end":{"line":42,"column":25}},"loc":{"start":{"line":50,"column":22},"end":{"line":194,"column":1}},"line":50},"1":{"name":"(anonymous_1)","decl":{"start":{"line":54,"column":12},"end":{"line":54,"column":13}},"loc":{"start":{"line":54,"column":18},"end":{"line":56,"column":3}},"line":54},"2":{"name":"(anonymous_2)","decl":{"start":{"line":55,"column":20},"end":{"line":55,"column":21}},"loc":{"start":{"line":55,"column":35},"end":{"line":55,"column":54}},"line":55},"3":{"name":"(anonymous_3)","decl":{"start":{"line":58,"column":27},"end":{"line":58,"column":28}},"loc":{"start":{"line":58,"column":34},"end":{"line":60,"column":3}},"line":58},"4":{"name":"(anonymous_4)","decl":{"start":{"line":63,"column":13},"end":{"line":63,"column":14}},"loc":{"start":{"line":63,"column":31},"end":{"line":63,"column":113}},"line":63},"5":{"name":"(anonymous_5)","decl":{"start":{"line":63,"column":31},"end":{"line":63,"column":32}},"loc":{"start":{"line":63,"column":75},"end":{"line":63,"column":113}},"line":63},"6":{"name":"(anonymous_6)","decl":{"start":{"line":64,"column":13},"end":{"line":64,"column":14}},"loc":{"start":{"line":64,"column":31},"end":{"line":64,"column":116}},"line":64},"7":{"name":"(anonymous_7)","decl":{"start":{"line":64,"column":31},"end":{"line":64,"column":32}},"loc":{"start":{"line":64,"column":78},"end":{"line":64,"column":116}},"line":64},"8":{"name":"(anonymous_8)","decl":{"start":{"line":65,"column":12},"end":{"line":65,"column":13}},"loc":{"start":{"line":65,"column":30},"end":{"line":65,"column":108}},"line":65},"9":{"name":"(anonymous_9)","decl":{"start":{"line":65,"column":30},"end":{"line":65,"column":31}},"loc":{"start":{"line":65,"column":64},"end":{"line":65,"column":108}},"line":65},"10":{"name":"(anonymous_10)","decl":{"start":{"line":66,"column":14},"end":{"line":66,"column":15}},"loc":{"start":{"line":66,"column":32},"end":{"line":66,"column":85}},"line":66},"11":{"name":"(anonymous_11)","decl":{"start":{"line":66,"column":32},"end":{"line":66,"column":33}},"loc":{"start":{"line":66,"column":54},"end":{"line":66,"column":85}},"line":66},"12":{"name":"(anonymous_12)","decl":{"start":{"line":69,"column":27},"end":{"line":69,"column":28}},"loc":{"start":{"line":69,"column":45},"end":{"line":75,"column":3}},"line":69},"13":{"name":"(anonymous_13)","decl":{"start":{"line":77,"column":24},"end":{"line":77,"column":25}},"loc":{"start":{"line":77,"column":56},"end":{"line":101,"column":3}},"line":77},"14":{"name":"(anonymous_14)","decl":{"start":{"line":103,"column":22},"end":{"line":103,"column":23}},"loc":{"start":{"line":103,"column":40},"end":{"line":124,"column":3}},"line":103},"15":{"name":"(anonymous_15)","decl":{"start":{"line":126,"column":29},"end":{"line":126,"column":30}},"loc":{"start":{"line":126,"column":84},"end":{"line":139,"column":3}},"line":126},"16":{"name":"(anonymous_16)","decl":{"start":{"line":133,"column":44},"end":{"line":133,"column":45}},"loc":{"start":{"line":133,"column":58},"end":{"line":133,"column":97}},"line":133},"17":{"name":"(anonymous_17)","decl":{"start":{"line":141,"column":37},"end":{"line":141,"column":38}},"loc":{"start":{"line":141,"column":55},"end":{"line":164,"column":3}},"line":141}},"branchMap":{"0":{"loc":{"start":{"line":43,"column":2},"end":{"line":43,"column":24}},"type":"default-arg","locations":[{"start":{"line":43,"column":16},"end":{"line":43,"column":24}}],"line":43},"1":{"loc":{"start":{"line":49,"column":2},"end":{"line":49,"column":26}},"type":"default-arg","locations":[{"start":{"line":49,"column":21},"end":{"line":49,"column":26}}],"line":49},"2":{"loc":{"start":{"line":70,"column":4},"end":{"line":72,"column":5}},"type":"if","locations":[{"start":{"line":70,"column":4},"end":{"line":72,"column":5}},{"start":{},"end":{}}],"line":70},"3":{"loc":{"start":{"line":81,"column":4},"end":{"line":100,"column":5}},"type":"if","locations":[{"start":{"line":81,"column":4},"end":{"line":100,"column":5}},{"start":{"line":92,"column":11},"end":{"line":100,"column":5}}],"line":81},"4":{"loc":{"start":{"line":107,"column":4},"end":{"line":109,"column":5}},"type":"if","locations":[{"start":{"line":107,"column":4},"end":{"line":109,"column":5}},{"start":{},"end":{}}],"line":107},"5":{"loc":{"start":{"line":111,"column":4},"end":{"line":113,"column":5}},"type":"if","locations":[{"start":{"line":111,"column":4},"end":{"line":113,"column":5}},{"start":{},"end":{}}],"line":111},"6":{"loc":{"start":{"line":115,"column":4},"end":{"line":123,"column":5}},"type":"if","locations":[{"start":{"line":115,"column":4},"end":{"line":123,"column":5}},{"start":{"line":117,"column":11},"end":{"line":123,"column":5}}],"line":115},"7":{"loc":{"start":{"line":117,"column":11},"end":{"line":123,"column":5}},"type":"if","locations":[{"start":{"line":117,"column":11},"end":{"line":123,"column":5}},{"start":{"line":119,"column":11},"end":{"line":123,"column":5}}],"line":117},"8":{"loc":{"start":{"line":119,"column":11},"end":{"line":123,"column":5}},"type":"if","locations":[{"start":{"line":119,"column":11},"end":{"line":123,"column":5}},{"start":{"line":121,"column":11},"end":{"line":123,"column":5}}],"line":119},"9":{"loc":{"start":{"line":127,"column":4},"end":{"line":136,"column":5}},"type":"if","locations":[{"start":{"line":127,"column":4},"end":{"line":136,"column":5}},{"start":{},"end":{}}],"line":127},"10":{"loc":{"start":{"line":127,"column":8},"end":{"line":127,"column":54}},"type":"binary-expr","locations":[{"start":{"line":127,"column":8},"end":{"line":127,"column":22}},{"start":{"line":127,"column":26},"end":{"line":127,"column":54}}],"line":127},"11":{"loc":{"start":{"line":142,"column":4},"end":{"line":148,"column":5}},"type":"if","locations":[{"start":{"line":142,"column":4},"end":{"line":148,"column":5}},{"start":{},"end":{}}],"line":142},"12":{"loc":{"start":{"line":142,"column":8},"end":{"line":142,"column":86}},"type":"binary-expr","locations":[{"start":{"line":142,"column":8},"end":{"line":142,"column":41}},{"start":{"line":142,"column":45},"end":{"line":142,"column":86}}],"line":142},"13":{"loc":{"start":{"line":143,"column":6},"end":{"line":145,"column":7}},"type":"if","locations":[{"start":{"line":143,"column":6},"end":{"line":145,"column":7}},{"start":{},"end":{}}],"line":143},"14":{"loc":{"start":{"line":150,"column":4},"end":{"line":157,"column":5}},"type":"if","locations":[{"start":{"line":150,"column":4},"end":{"line":157,"column":5}},{"start":{},"end":{}}],"line":150},"15":{"loc":{"start":{"line":166,"column":2},"end":{"line":168,"column":3}},"type":"if","locations":[{"start":{"line":166,"column":2},"end":{"line":168,"column":3}},{"start":{},"end":{}}],"line":166},"16":{"loc":{"start":{"line":170,"column":2},"end":{"line":176,"column":3}},"type":"if","locations":[{"start":{"line":170,"column":2},"end":{"line":176,"column":3}},{"start":{},"end":{}}],"line":170},"17":{"loc":{"start":{"line":178,"column":2},"end":{"line":180,"column":3}},"type":"if","locations":[{"start":{"line":178,"column":2},"end":{"line":180,"column":3}},{"start":{},"end":{}}],"line":178},"18":{"loc":{"start":{"line":178,"column":6},"end":{"line":178,"column":23}},"type":"binary-expr","locations":[{"start":{"line":178,"column":6},"end":{"line":178,"column":15}},{"start":{"line":178,"column":19},"end":{"line":178,"column":23}}],"line":178}},"s":{"0":1,"1":2,"2":2,"3":2,"4":1,"5":0,"6":2,"7":0,"8":2,"9":2,"10":0,"11":0,"12":0,"13":0,"14":0,"15":0,"16":0,"17":2,"18":2,"19":0,"20":2,"21":2,"22":2,"23":2,"24":2,"25":0,"26":0,"27":0,"28":2,"29":2,"30":2,"31":2,"32":2,"33":2,"34":2,"35":2,"36":0,"37":2,"38":0,"39":2,"40":0,"41":2,"42":0,"43":2,"44":2,"45":2,"46":0,"47":0,"48":0,"49":0,"50":2,"51":2,"52":2,"53":0,"54":0,"55":0,"56":2,"57":0,"58":2,"59":2,"60":0,"61":2,"62":0,"63":2,"64":0,"65":2,"66":1},"f":{"0":2,"1":1,"2":0,"3":0,"4":2,"5":0,"6":0,"7":0,"8":0,"9":0,"10":0,"11":0,"12":2,"13":2,"14":2,"15":2,"16":0,"17":2},"b":{"0":[2],"1":[2],"2":[0,2],"3":[0,2],"4":[2,0],"5":[0,2],"6":[0,2],"7":[0,2],"8":[0,2],"9":[0,2],"10":[2,0],"11":[0,2],"12":[2,0],"13":[0,0],"14":[0,2],"15":[0,2],"16":[0,2],"17":[0,2],"18":[2,0]},"_coverageSchema":"1a1c01bbd47fc00a2c39e90264f33305004495a9","hash":"9b530a75c6eb924a40000bccbdadc5d8147f1041"}
,"/Users/thallesncarvalho/dev/mern-todo-app-r/client/src/components/Molecules/Modal/Modal.style.ts": {"path":"/Users/thallesncarvalho/dev/mern-todo-app-r/client/src/components/Molecules/Modal/Modal.style.ts","statementMap":{"0":{"start":{"line":3,"column":23},"end":{"line":14,"column":1}},"1":{"start":{"line":20,"column":21},"end":{"line":26,"column":1}},"2":{"start":{"line":21,"column":35},"end":{"line":21,"column":70}},"3":{"start":{"line":22,"column":32},"end":{"line":22,"column":55}},"4":{"start":{"line":23,"column":26},"end":{"line":23,"column":49}},"5":{"start":{"line":25,"column":24},"end":{"line":25,"column":42}},"6":{"start":{"line":32,"column":27},"end":{"line":39,"column":1}},"7":{"start":{"line":34,"column":34},"end":{"line":34,"column":78}},"8":{"start":{"line":41,"column":26},"end":{"line":44,"column":1}},"9":{"start":{"line":42,"column":24},"end":{"line":42,"column":56}},"10":{"start":{"line":43,"column":28},"end":{"line":43,"column":68}},"11":{"start":{"line":46,"column":28},"end":{"line":48,"column":1}},"12":{"start":{"line":47,"column":29},"end":{"line":47,"column":52}}},"fnMap":{"0":{"name":"(anonymous_0)","decl":{"start":{"line":21,"column":24},"end":{"line":21,"column":25}},"loc":{"start":{"line":21,"column":35},"end":{"line":21,"column":70}},"line":21},"1":{"name":"(anonymous_1)","decl":{"start":{"line":22,"column":21},"end":{"line":22,"column":22}},"loc":{"start":{"line":22,"column":32},"end":{"line":22,"column":55}},"line":22},"2":{"name":"(anonymous_2)","decl":{"start":{"line":23,"column":15},"end":{"line":23,"column":16}},"loc":{"start":{"line":23,"column":26},"end":{"line":23,"column":49}},"line":23},"3":{"name":"(anonymous_3)","decl":{"start":{"line":25,"column":13},"end":{"line":25,"column":14}},"loc":{"start":{"line":25,"column":24},"end":{"line":25,"column":42}},"line":25},"4":{"name":"(anonymous_4)","decl":{"start":{"line":34,"column":23},"end":{"line":34,"column":24}},"loc":{"start":{"line":34,"column":34},"end":{"line":34,"column":78}},"line":34},"5":{"name":"(anonymous_5)","decl":{"start":{"line":42,"column":13},"end":{"line":42,"column":14}},"loc":{"start":{"line":42,"column":24},"end":{"line":42,"column":56}},"line":42},"6":{"name":"(anonymous_6)","decl":{"start":{"line":43,"column":17},"end":{"line":43,"column":18}},"loc":{"start":{"line":43,"column":28},"end":{"line":43,"column":68}},"line":43},"7":{"name":"(anonymous_7)","decl":{"start":{"line":47,"column":18},"end":{"line":47,"column":19}},"loc":{"start":{"line":47,"column":29},"end":{"line":47,"column":52}},"line":47}},"branchMap":{"0":{"loc":{"start":{"line":34,"column":34},"end":{"line":34,"column":78}},"type":"cond-expr","locations":[{"start":{"line":34,"column":50},"end":{"line":34,"column":60}},{"start":{"line":34,"column":63},"end":{"line":34,"column":78}}],"line":34}},"s":{"0":1,"1":1,"2":4,"3":4,"4":4,"5":4,"6":1,"7":4,"8":1,"9":1,"10":1,"11":1,"12":4},"f":{"0":4,"1":4,"2":4,"3":4,"4":4,"5":1,"6":1,"7":4},"b":{"0":[3,1]},"_coverageSchema":"1a1c01bbd47fc00a2c39e90264f33305004495a9","hash":"9b6a9b399f7184cc1c53668b03cef989f78a2140"}
,"/Users/thallesncarvalho/dev/mern-todo-app-r/client/src/components/Molecules/Modal/index.tsx": {"path":"/Users/thallesncarvalho/dev/mern-todo-app-r/client/src/components/Molecules/Modal/index.tsx","statementMap":{"0":{"start":{"line":17,"column":14},"end":{"line":57,"column":1}},"1":{"start":{"line":24,"column":36},"end":{"line":24,"column":50}},"2":{"start":{"line":25,"column":23},"end":{"line":25,"column":51}},"3":{"start":{"line":27,"column":4},"end":{"line":29,"column":14}},"4":{"start":{"line":28,"column":8},"end":{"line":28,"column":26}},"5":{"start":{"line":31,"column":29},"end":{"line":34,"column":5}},"6":{"start":{"line":32,"column":8},"end":{"line":32,"column":27}},"7":{"start":{"line":33,"column":8},"end":{"line":33,"column":20}},"8":{"start":{"line":36,"column":31},"end":{"line":40,"column":5}},"9":{"start":{"line":37,"column":8},"end":{"line":39,"column":9}},"10":{"start":{"line":38,"column":12},"end":{"line":38,"column":31}},"11":{"start":{"line":42,"column":4},"end":{"line":42,"column":30}},"12":{"start":{"line":42,"column":19},"end":{"line":42,"column":30}},"13":{"start":{"line":44,"column":4},"end":{"line":56,"column":5}},"14":{"start":{"line":46,"column":38},"end":{"line":46,"column":57}}},"fnMap":{"0":{"name":"(anonymous_0)","decl":{"start":{"line":17,"column":14},"end":{"line":17,"column":15}},"loc":{"start":{"line":23,"column":18},"end":{"line":57,"column":1}},"line":23},"1":{"name":"(anonymous_1)","decl":{"start":{"line":27,"column":14},"end":{"line":27,"column":15}},"loc":{"start":{"line":27,"column":20},"end":{"line":29,"column":5}},"line":27},"2":{"name":"(anonymous_2)","decl":{"start":{"line":31,"column":29},"end":{"line":31,"column":30}},"loc":{"start":{"line":31,"column":35},"end":{"line":34,"column":5}},"line":31},"3":{"name":"(anonymous_3)","decl":{"start":{"line":36,"column":31},"end":{"line":36,"column":32}},"loc":{"start":{"line":36,"column":66},"end":{"line":40,"column":5}},"line":36},"4":{"name":"(anonymous_4)","decl":{"start":{"line":46,"column":31},"end":{"line":46,"column":32}},"loc":{"start":{"line":46,"column":38},"end":{"line":46,"column":57}},"line":46}},"branchMap":{"0":{"loc":{"start":{"line":18,"column":4},"end":{"line":18,"column":15}},"type":"default-arg","locations":[{"start":{"line":18,"column":12},"end":{"line":18,"column":15}}],"line":18},"1":{"loc":{"start":{"line":19,"column":4},"end":{"line":19,"column":16}},"type":"default-arg","locations":[{"start":{"line":19,"column":11},"end":{"line":19,"column":16}}],"line":19},"2":{"loc":{"start":{"line":37,"column":8},"end":{"line":39,"column":9}},"type":"if","locations":[{"start":{"line":37,"column":8},"end":{"line":39,"column":9}},{"start":{},"end":{}}],"line":37},"3":{"loc":{"start":{"line":37,"column":12},"end":{"line":37,"column":97}},"type":"binary-expr","locations":[{"start":{"line":37,"column":12},"end":{"line":37,"column":31}},{"start":{"line":37,"column":35},"end":{"line":37,"column":97}}],"line":37},"4":{"loc":{"start":{"line":42,"column":4},"end":{"line":42,"column":30}},"type":"if","locations":[{"start":{"line":42,"column":4},"end":{"line":42,"column":30}},{"start":{},"end":{}}],"line":42},"5":{"loc":{"start":{"line":48,"column":21},"end":{"line":48,"column":78}},"type":"binary-expr","locations":[{"start":{"line":48,"column":21},"end":{"line":48,"column":36}},{"start":{"line":48,"column":40},"end":{"line":48,"column":78}}],"line":48},"6":{"loc":{"start":{"line":49,"column":21},"end":{"line":49,"column":225}},"type":"cond-expr","locations":[{"start":{"line":49,"column":55},"end":{"line":49,"column":148}},{"start":{"line":49,"column":151},"end":{"line":49,"column":225}}],"line":49}},"s":{"0":1,"1":9,"2":9,"3":9,"4":5,"5":9,"6":2,"7":2,"8":9,"9":1,"10":1,"11":9,"12":5,"13":4,"14":1},"f":{"0":9,"1":5,"2":2,"3":1,"4":1},"b":{"0":[9],"1":[1],"2":[1,0],"3":[1,1],"4":[5,4],"5":[4,1],"6":[4,0]},"_coverageSchema":"1a1c01bbd47fc00a2c39e90264f33305004495a9","hash":"1286880c2f7167d2c247fbf7f3a894c56ec61d72"}
,"/Users/thallesncarvalho/dev/mern-todo-app-r/client/src/hooks/useForm.ts": {"path":"/Users/thallesncarvalho/dev/mern-todo-app-r/client/src/hooks/useForm.ts","statementMap":{"0":{"start":{"line":25,"column":26},"end":{"line":29,"column":14}},"1":{"start":{"line":25,"column":53},"end":{"line":29,"column":14}},"2":{"start":{"line":26,"column":2},"end":{"line":26,"column":48}},"3":{"start":{"line":28,"column":2},"end":{"line":28,"column":20}},"4":{"start":{"line":31,"column":16},"end":{"line":67,"column":1}},"5":{"start":{"line":32,"column":23},"end":{"line":32,"column":48}},"6":{"start":{"line":33,"column":26},"end":{"line":33,"column":54}},"7":{"start":{"line":34,"column":50},"end":{"line":34,"column":65}},"8":{"start":{"line":36,"column":2},"end":{"line":38,"column":14}},"9":{"start":{"line":37,"column":4},"end":{"line":37,"column":39}},"10":{"start":{"line":40,"column":26},"end":{"line":47,"column":3}},"11":{"start":{"line":41,"column":4},"end":{"line":44,"column":7}},"12":{"start":{"line":41,"column":27},"end":{"line":44,"column":5}},"13":{"start":{"line":45,"column":4},"end":{"line":45,"column":24}},"14":{"start":{"line":46,"column":4},"end":{"line":46,"column":32}},"15":{"start":{"line":49,"column":18},"end":{"line":51,"column":3}},"16":{"start":{"line":50,"column":4},"end":{"line":50,"column":16}},"17":{"start":{"line":53,"column":23},"end":{"line":60,"column":3}},"18":{"start":{"line":53,"column":48},"end":{"line":60,"column":3}},"19":{"start":{"line":54,"column":4},"end":{"line":54,"column":24}},"20":{"start":{"line":55,"column":4},"end":{"line":55,"column":30}},"21":{"start":{"line":56,"column":27},"end":{"line":56,"column":54}},"22":{"start":{"line":57,"column":4},"end":{"line":57,"column":31}},"23":{"start":{"line":59,"column":4},"end":{"line":59,"column":26}},"24":{"start":{"line":62,"column":2},"end":{"line":66,"column":4}}},"fnMap":{"0":{"name":"(anonymous_0)","decl":{"start":{"line":25,"column":26},"end":{"line":25,"column":27}},"loc":{"start":{"line":25,"column":53},"end":{"line":29,"column":14}},"line":25},"1":{"name":"(anonymous_1)","decl":{"start":{"line":25,"column":70},"end":{"line":25,"column":71}},"loc":{"start":{"line":25,"column":93},"end":{"line":29,"column":1}},"line":25},"2":{"name":"(anonymous_2)","decl":{"start":{"line":31,"column":16},"end":{"line":31,"column":17}},"loc":{"start":{"line":31,"column":37},"end":{"line":67,"column":1}},"line":31},"3":{"name":"(anonymous_3)","decl":{"start":{"line":36,"column":12},"end":{"line":36,"column":13}},"loc":{"start":{"line":36,"column":18},"end":{"line":38,"column":3}},"line":36},"4":{"name":"(anonymous_4)","decl":{"start":{"line":40,"column":26},"end":{"line":40,"column":27}},"loc":{"start":{"line":40,"column":56},"end":{"line":47,"column":3}},"line":40},"5":{"name":"(anonymous_5)","decl":{"start":{"line":41,"column":12},"end":{"line":41,"column":13}},"loc":{"start":{"line":41,"column":27},"end":{"line":44,"column":5}},"line":41},"6":{"name":"(anonymous_6)","decl":{"start":{"line":49,"column":18},"end":{"line":49,"column":19}},"loc":{"start":{"line":49,"column":24},"end":{"line":51,"column":3}},"line":49},"7":{"name":"(anonymous_7)","decl":{"start":{"line":53,"column":23},"end":{"line":53,"column":24}},"loc":{"start":{"line":53,"column":48},"end":{"line":60,"column":3}},"line":53},"8":{"name":"(anonymous_8)","decl":{"start":{"line":53,"column":48},"end":{"line":53,"column":49}},"loc":{"start":{"line":53,"column":89},"end":{"line":60,"column":3}},"line":53}},"branchMap":{"0":{"loc":{"start":{"line":26,"column":27},"end":{"line":26,"column":47}},"type":"binary-expr","locations":[{"start":{"line":26,"column":27},"end":{"line":26,"column":39}},{"start":{"line":26,"column":43},"end":{"line":26,"column":47}}],"line":26}},"s":{"0":1,"1":3,"2":3,"3":3,"4":1,"5":2,"6":2,"7":2,"8":2,"9":1,"10":2,"11":0,"12":0,"13":0,"14":0,"15":2,"16":0,"17":2,"18":2,"19":0,"20":0,"21":0,"22":0,"23":0,"24":2},"f":{"0":3,"1":3,"2":2,"3":1,"4":0,"5":0,"6":0,"7":2,"8":0},"b":{"0":[3,0]},"_coverageSchema":"1a1c01bbd47fc00a2c39e90264f33305004495a9","hash":"630142a5526e275e02b05071e9d7a76ed0e73893"}
,"/Users/thallesncarvalho/dev/mern-todo-app-r/client/src/utils/grid.ts": {"path":"/Users/thallesncarvalho/dev/mern-todo-app-r/client/src/utils/grid.ts","statementMap":{"0":{"start":{"line":1,"column":18},"end":{"line":1,"column":19}},"1":{"start":{"line":3,"column":27},"end":{"line":3,"column":72}},"2":{"start":{"line":3,"column":47},"end":{"line":3,"column":72}}},"fnMap":{"0":{"name":"(anonymous_0)","decl":{"start":{"line":3,"column":27},"end":{"line":3,"column":28}},"loc":{"start":{"line":3,"column":47},"end":{"line":3,"column":72}},"line":3}},"branchMap":{},"s":{"0":5,"1":5,"2":101},"f":{"0":101},"b":{},"_coverageSchema":"1a1c01bbd47fc00a2c39e90264f33305004495a9","hash":"464e86ee2137c8b947cfe3aca6f18fbc6fcd46f8"}
,"/Users/thallesncarvalho/dev/mern-todo-app-r/client/src/utils/renderWithTheme.tsx": {"path":"/Users/thallesncarvalho/dev/mern-todo-app-r/client/src/utils/renderWithTheme.tsx","statementMap":{"0":{"start":{"line":7,"column":24},"end":{"line":11,"column":1}},"1":{"start":{"line":7,"column":43},"end":{"line":11,"column":1}}},"fnMap":{"0":{"name":"(anonymous_0)","decl":{"start":{"line":7,"column":24},"end":{"line":7,"column":25}},"loc":{"start":{"line":7,"column":43},"end":{"line":11,"column":1}},"line":7}},"branchMap":{},"s":{"0":5,"1":12},"f":{"0":12},"b":{},"_coverageSchema":"1a1c01bbd47fc00a2c39e90264f33305004495a9","hash":"3938dee4cbe99a5e7705fbfa38bab8010f061d2a"}
,"/Users/thallesncarvalho/dev/mern-todo-app-r/client/src/utils/theme.ts": {"path":"/Users/thallesncarvalho/dev/mern-todo-app-r/client/src/utils/theme.ts","statementMap":{"0":{"start":{"line":3,"column":22},"end":{"line":6,"column":1}},"1":{"start":{"line":8,"column":19},"end":{"line":18,"column":1}},"2":{"start":{"line":20,"column":21},"end":{"line":26,"column":1}},"3":{"start":{"line":28,"column":20},"end":{"line":32,"column":1}},"4":{"start":{"line":34,"column":15},"end":{"line":54,"column":1}},"5":{"start":{"line":56,"column":27},"end":{"line":65,"column":1}}},"fnMap":{},"branchMap":{},"s":{"0":5,"1":5,"2":5,"3":5,"4":5,"5":5},"f":{},"b":{},"_coverageSchema":"1a1c01bbd47fc00a2c39e90264f33305004495a9","hash":"13c77813cc7c8acda9c8543a65894bf040be71f1"}
}
